Unity Editor version:    2020.3.21f1 (a38c86f6690f)
Branch:                  2020.3/staging
Build type:              Release
Batch mode:              YES
macOS version:           Version 10.13.6 (Build 17G66)
Darwin version:          17.7.0
Architecture:            x86_64
Running under Rosetta:   NO
Available memory:        4096 MB
Using pre-set license
Pro License: NO

COMMAND LINE ARGUMENTS:
/Applications/Unity/Hub/Editor/2020.3.21f1/Unity.app/Contents/MacOS/Unity
-adb2
-batchMode
-noUpm
-name
AssetImportWorker0
-projectPath
/Users/mariamorejon/Documents/IGP_Final/TapioCat
-logFile
Logs/AssetImportWorker0.log
-srvPort
53917
Successfully changed project path to: /Users/mariamorejon/Documents/IGP_Final/TapioCat
/Users/mariamorejon/Documents/IGP_Final/TapioCat
Using Asset Import Pipeline V2.
Refreshing native plugins compatible for Editor in 144.39 ms, found 3 plugins.
Preloading 0 native plugins for Editor in 0.00 ms.
Initialize engine version: 2020.3.21f1 (a38c86f6690f)
[Subsystems] Discovering subsystems at path /Applications/Unity/Hub/Editor/2020.3.21f1/Unity.app/Contents/Resources/UnitySubsystems
[Subsystems] Discovering subsystems at path /Users/mariamorejon/Documents/IGP_Final/TapioCat/Assets
GfxDevice: creating device client; threaded=0
Renderer: Intel HD Graphics 3000 OpenGL Engine
Vendor:   Intel Inc.
Version:  3.3 INTEL-10.4.14
GLES:     0
 GL_ARB_blend_func_extended GL_ARB_ES2_compatibility GL_ARB_explicit_attrib_location GL_ARB_instanced_arrays GL_ARB_internalformat_query GL_ARB_occlusion_query2 GL_ARB_sampler_objects GL_ARB_separate_shader_objects GL_ARB_shader_bit_encoding GL_ARB_shading_language_include GL_ARB_texture_rgb10_a2ui GL_ARB_texture_storage GL_ARB_texture_swizzle GL_ARB_timer_query GL_ARB_vertex_type_2_10_10_10_rev GL_EXT_debug_label GL_EXT_debug_marker GL_EXT_texture_compression_s3tc GL_EXT_texture_filter_anisotropic GL_EXT_texture_sRGB_decode GL_APPLE_client_storage GL_APPLE_container_object_shareable GL_APPLE_flush_render GL_APPLE_object_purgeable GL_APPLE_rgb_422 GL_APPLE_row_bytes GL_APPLE_texture_range GL_ATI_texture_mirror_once GL_NV_texture_barrier
OPENGL LOG: Creating OpenGL 3.3 graphics device ; Context level  <OpenGL 3.3> ; Context handle 630029312
Initialize mono
Mono path[0] = '/Applications/Unity/Hub/Editor/2020.3.21f1/Unity.app/Contents/Managed'
Mono path[1] = '/Applications/Unity/Hub/Editor/2020.3.21f1/Unity.app/Contents/MonoBleedingEdge/lib/mono/unityjit'
Mono config path = '/Applications/Unity/Hub/Editor/2020.3.21f1/Unity.app/Contents/MonoBleedingEdge/etc'
Using monoOptions --debugger-agent=transport=dt_socket,embedding=1,server=y,suspend=n,address=127.0.0.1:56867
Begin MonoManager ReloadAssembly
Registering precompiled unity dll's ...
Register platform support module: /Applications/Unity/Hub/Editor/2020.3.21f1/PlaybackEngines/WebGLSupport/UnityEditor.WebGL.Extensions.dll
Register platform support module: /Applications/Unity/Hub/Editor/2020.3.21f1/Unity.app/Contents/PlaybackEngines/MacStandaloneSupport/UnityEditor.OSXStandalone.Extensions.dll
Register platform support module: /Applications/Unity/Hub/Editor/2020.3.21f1/PlaybackEngines/WindowsStandaloneSupport/UnityEditor.WindowsStandalone.Extensions.dll
Registered in 0.004657 seconds.
Native extension for WindowsStandalone target not found
Native extension for OSXStandalone target not found
Native extension for WebGL target not found
Refreshing native plugins compatible for Editor in 99.60 ms, found 3 plugins.
Preloading 0 native plugins for Editor in 0.00 ms.
Mono: successfully reloaded assembly
- Completed reload, in  8.694 seconds
Domain Reload Profiling:
	ReloadAssembly (8695ms)
		BeginReloadAssembly (83ms)
			ExecutionOrderSort (0ms)
			DisableScriptedObjects (0ms)
			BackupInstance (0ms)
			ReleaseScriptingObjects (0ms)
			CreateAndSetChildDomain (2ms)
		EndReloadAssembly (1140ms)
			LoadAssemblies (88ms)
			RebuildTransferFunctionScriptingTraits (0ms)
			SetupTypeCache (449ms)
			ReleaseScriptCaches (0ms)
			RebuildScriptCaches (80ms)
			SetupLoadedEditorAssemblies (413ms)
				LogAssemblyErrors (0ms)
				InitializePlatformSupportModulesInManaged (10ms)
				SetLoadedEditorAssemblies (0ms)
				RefreshPlugins (100ms)
				BeforeProcessingInitializeOnLoad (15ms)
				ProcessInitializeOnLoadAttributes (225ms)
				ProcessInitializeOnLoadMethodAttributes (64ms)
				AfterProcessingInitializeOnLoad (0ms)
				EditorAssembliesLoaded (0ms)
			ExecutionOrderSort2 (0ms)
			AwakeInstancesAfterBackupRestoration (0ms)
Platform modules already initialized, skipping
Registering precompiled user dll's ...
Registered in 0.013026 seconds.
Begin MonoManager ReloadAssembly
Native extension for WindowsStandalone target not found
Native extension for OSXStandalone target not found
Native extension for WebGL target not found
Refreshing native plugins compatible for Editor in 99.73 ms, found 3 plugins.
Preloading 0 native plugins for Editor in 0.00 ms.
Mono: successfully reloaded assembly
- Completed reload, in  2.872 seconds
Domain Reload Profiling:
	ReloadAssembly (2876ms)
		BeginReloadAssembly (356ms)
			ExecutionOrderSort (0ms)
			DisableScriptedObjects (13ms)
			BackupInstance (0ms)
			ReleaseScriptingObjects (0ms)
			CreateAndSetChildDomain (59ms)
		EndReloadAssembly (2371ms)
			LoadAssemblies (278ms)
			RebuildTransferFunctionScriptingTraits (0ms)
			SetupTypeCache (814ms)
			ReleaseScriptCaches (1ms)
			RebuildScriptCaches (147ms)
			SetupLoadedEditorAssemblies (827ms)
				LogAssemblyErrors (0ms)
				InitializePlatformSupportModulesInManaged (9ms)
				SetLoadedEditorAssemblies (0ms)
				RefreshPlugins (100ms)
				BeforeProcessingInitializeOnLoad (142ms)
				ProcessInitializeOnLoadAttributes (530ms)
				ProcessInitializeOnLoadMethodAttributes (42ms)
				AfterProcessingInitializeOnLoad (2ms)
				EditorAssembliesLoaded (0ms)
			ExecutionOrderSort2 (0ms)
			AwakeInstancesAfterBackupRestoration (15ms)
Platform modules already initialized, skipping
Validating Project structure ... 0.005644 seconds.
Shader import version has changed; will reimport all shaders...
Upgrading shader files ...0.002266 seconds.
Application.AssetDatabase Initial Script Refresh Start
RefreshInfo: InitialScriptRefreshV2(NoUpdateAssetOptions) scanfilter:  ... 1 filters
RefreshProfiler: Total: 0.000ms
Application.AssetDatabase Initial Script Refresh End
Application.AssetDatabase.Refresh Start
Application.AssetDatabase.Refresh End
RefreshInfo: StopAssetImportingV2(ForceSynchronousImport) scanfilter: 
RefreshProfiler: Total: 0.000ms
Launching external process: /Applications/Unity/Hub/Editor/2020.3.21f1/Unity.app/Contents/Tools/UnityShaderCompiler
Launched and connected shader compiler UnityShaderCompiler after 0.09 seconds
Initializing Unity extensions:
========================================================================
Worker process is ready to serve import requests
Refreshing native plugins compatible for Editor in 0.81 ms, found 3 plugins.
Preloading 0 native plugins for Editor in 0.00 ms.
Unloading 2201 Unused Serialized files (Serialized files now loaded: 0)
System memory in use before: 198.5 MB.
System memory in use after: 197.8 MB.

Unloading 118 unused Assets to reduce memory usage. Loaded Objects now: 2672.
Total: 10.063497 ms (FindLiveObjects: 0.420181 ms CreateObjectMapping: 0.149300 ms MarkObjects: 8.158749 ms  DeleteObjects: 1.330362 ms)

AssetImportParameters requested are different than current active one (requested -> active):
  custom:video-decoder-ogg-theora: a1e56fd34408186e4bbccfd4996cb3dc -> 
  custom:container-muxer-webm: aa71ff27fc2769a1b78a27578f13a17b -> 
  custom:container-demuxer-webm: 4f35f7cbe854078d1ac9338744f61a02 -> 
  custom:container-demuxer-ogg: 62fdf1f143b41e24485cea50d1cbac27 -> 
  custom:video-encoder-webm-vp8: eb34c28f22e8b96e1ab97ce403110664 -> 
  custom:framework-osx-AVFoundation: b23960f63f64bdc6ff669e2cdcee2391 -> 
  custom:video-decoder-webm-vp8: 9c59270c3fd7afecdb556c50c9e8de78 -> 
  custom:audio-decoder-ogg-vorbis: bf7c407c2cedff20999df2af8eb42d56 -> 
  custom:audio-encoder-webm-vorbis: bf7c407c2cedff20999df2af8eb42d56 -> 
========================================================================
Received Import Request.
  path: ProjectSettings/TagManager.asset
  artifactKey: Guid(00000000000000003000000000000000) Importer(815301076,1909f56bfc062723c751e8b465ee728b)
Start importing ProjectSettings/TagManager.asset using Guid(00000000000000003000000000000000) Importer(815301076,1909f56bfc062723c751e8b465ee728b)  -> (artifact id: 'eb324253d39a3de4b89a98dea10c0742') in 0.273403 seconds 
  Import took 0.281329 seconds .

========================================================================
Received Prepare
Registering precompiled user dll's ...
Registered in 0.008408 seconds.
Begin MonoManager ReloadAssembly
Native extension for WindowsStandalone target not found
Native extension for OSXStandalone target not found
Native extension for WebGL target not found
Refreshing native plugins compatible for Editor in 0.91 ms, found 3 plugins.
Preloading 0 native plugins for Editor in 0.00 ms.
Mono: successfully reloaded assembly
- Completed reload, in  2.987 seconds
Domain Reload Profiling:
	ReloadAssembly (2991ms)
		BeginReloadAssembly (493ms)
			ExecutionOrderSort (0ms)
			DisableScriptedObjects (31ms)
			BackupInstance (0ms)
			ReleaseScriptingObjects (0ms)
			CreateAndSetChildDomain (244ms)
		EndReloadAssembly (2307ms)
			LoadAssemblies (289ms)
			RebuildTransferFunctionScriptingTraits (0ms)
			SetupTypeCache (881ms)
			ReleaseScriptCaches (2ms)
			RebuildScriptCaches (133ms)
			SetupLoadedEditorAssemblies (766ms)
				LogAssemblyErrors (0ms)
				InitializePlatformSupportModulesInManaged (19ms)
				SetLoadedEditorAssemblies (1ms)
				RefreshPlugins (1ms)
				BeforeProcessingInitializeOnLoad (206ms)
				ProcessInitializeOnLoadAttributes (516ms)
				ProcessInitializeOnLoadMethodAttributes (20ms)
				AfterProcessingInitializeOnLoad (2ms)
				EditorAssembliesLoaded (0ms)
			ExecutionOrderSort2 (0ms)
			AwakeInstancesAfterBackupRestoration (18ms)
Platform modules already initialized, skipping
Switching build target platform(2) subTarget(0) extendedPlatform(0) -> platform(9) subTarget(16777218) extendedPlatform(0)
Refreshing native plugins compatible for Editor in 0.79 ms, found 3 plugins.
Preloading 0 native plugins for Editor in 0.00 ms.
Unloading 2192 Unused Serialized files (Serialized files now loaded: 0)
System memory in use before: 200.7 MB.
System memory in use after: 200.9 MB.

Unloading 19 unused Assets to reduce memory usage. Loaded Objects now: 2675.
Total: 5.307216 ms (FindLiveObjects: 0.393634 ms CreateObjectMapping: 0.105811 ms MarkObjects: 4.753540 ms  DeleteObjects: 0.052394 ms)

AssetImportParameters requested are different than current active one (requested -> active):
  custom:video-decoder-ogg-theora: a1e56fd34408186e4bbccfd4996cb3dc -> 
  custom:container-muxer-webm: aa71ff27fc2769a1b78a27578f13a17b -> 
  custom:container-demuxer-webm: 4f35f7cbe854078d1ac9338744f61a02 -> 
  custom:container-demuxer-ogg: 62fdf1f143b41e24485cea50d1cbac27 -> 
  custom:video-encoder-webm-vp8: eb34c28f22e8b96e1ab97ce403110664 -> 
  custom:framework-osx-AVFoundation: b23960f63f64bdc6ff669e2cdcee2391 -> 
  custom:video-decoder-webm-vp8: 9c59270c3fd7afecdb556c50c9e8de78 -> 
  custom:graphics/normal-map-encoding: 01000000000000000000000000000000 -> 02000000000000000000000000000000
  custom:audio-decoder-ogg-vorbis: bf7c407c2cedff20999df2af8eb42d56 -> 
  custom:audio-encoder-webm-vorbis: bf7c407c2cedff20999df2af8eb42d56 -> 
========================================================================
Received Prepare
Registering precompiled user dll's ...
Registered in 0.013457 seconds.
Begin MonoManager ReloadAssembly
Native extension for WindowsStandalone target not found
Native extension for OSXStandalone target not found
Native extension for WebGL target not found
Refreshing native plugins compatible for Editor in 0.80 ms, found 3 plugins.
Preloading 0 native plugins for Editor in 0.00 ms.
Mono: successfully reloaded assembly
- Completed reload, in  2.885 seconds
Domain Reload Profiling:
	ReloadAssembly (2888ms)
		BeginReloadAssembly (394ms)
			ExecutionOrderSort (0ms)
			DisableScriptedObjects (26ms)
			BackupInstance (0ms)
			ReleaseScriptingObjects (1ms)
			CreateAndSetChildDomain (243ms)
		EndReloadAssembly (2342ms)
			LoadAssemblies (230ms)
			RebuildTransferFunctionScriptingTraits (0ms)
			SetupTypeCache (814ms)
			ReleaseScriptCaches (2ms)
			RebuildScriptCaches (140ms)
			SetupLoadedEditorAssemblies (727ms)
				LogAssemblyErrors (0ms)
				InitializePlatformSupportModulesInManaged (12ms)
				SetLoadedEditorAssemblies (1ms)
				RefreshPlugins (1ms)
				BeforeProcessingInitializeOnLoad (202ms)
				ProcessInitializeOnLoadAttributes (478ms)
				ProcessInitializeOnLoadMethodAttributes (31ms)
				AfterProcessingInitializeOnLoad (3ms)
				EditorAssembliesLoaded (0ms)
			ExecutionOrderSort2 (0ms)
			AwakeInstancesAfterBackupRestoration (20ms)
Platform modules already initialized, skipping
Switching build target platform(2) subTarget(0) extendedPlatform(0) -> platform(9) subTarget(16777218) extendedPlatform(0)
Refreshing native plugins compatible for Editor in 0.77 ms, found 3 plugins.
Preloading 0 native plugins for Editor in 0.00 ms.
Unloading 2192 Unused Serialized files (Serialized files now loaded: 0)
System memory in use before: 201.4 MB.
System memory in use after: 201.5 MB.

Unloading 17 unused Assets to reduce memory usage. Loaded Objects now: 2677.
Total: 6.111194 ms (FindLiveObjects: 0.463887 ms CreateObjectMapping: 0.134820 ms MarkObjects: 5.455826 ms  DeleteObjects: 0.054605 ms)

AssetImportParameters requested are different than current active one (requested -> active):
  custom:video-decoder-ogg-theora: a1e56fd34408186e4bbccfd4996cb3dc -> 
  custom:container-muxer-webm: aa71ff27fc2769a1b78a27578f13a17b -> 
  custom:container-demuxer-webm: 4f35f7cbe854078d1ac9338744f61a02 -> 
  custom:container-demuxer-ogg: 62fdf1f143b41e24485cea50d1cbac27 -> 
  custom:video-encoder-webm-vp8: eb34c28f22e8b96e1ab97ce403110664 -> 
  custom:framework-osx-AVFoundation: b23960f63f64bdc6ff669e2cdcee2391 -> 
  custom:video-decoder-webm-vp8: 9c59270c3fd7afecdb556c50c9e8de78 -> 
  custom:graphics/normal-map-encoding: 01000000000000000000000000000000 -> 02000000000000000000000000000000
  custom:audio-decoder-ogg-vorbis: bf7c407c2cedff20999df2af8eb42d56 -> 
  custom:audio-encoder-webm-vorbis: bf7c407c2cedff20999df2af8eb42d56 -> 
========================================================================
Received Import Request.
  Time since last request: 311.200384 seconds.
  path: Assets/Sounds
  artifactKey: Guid(927768369ddf5344b8e612ad8965ecba) Importer(815301076,1909f56bfc062723c751e8b465ee728b)
Start importing Assets/Sounds using Guid(927768369ddf5344b8e612ad8965ecba) Importer(815301076,1909f56bfc062723c751e8b465ee728b)  -> (artifact id: '799d547b0c948330286956df6f047626') in 0.007221 seconds 
  Import took 0.013820 seconds .

========================================================================
Received Import Request.
  Time since last request: 1.330339 seconds.
  path: Assets/Sounds/(short) Angry Cat Meow by softcoresoft.wav
  artifactKey: Guid(a8cf677001e9dd64bb05be959012b105) Importer(815301076,1909f56bfc062723c751e8b465ee728b)
Start importing Assets/Sounds/(short) Angry Cat Meow by softcoresoft.wav using Guid(a8cf677001e9dd64bb05be959012b105) Importer(815301076,1909f56bfc062723c751e8b465ee728b)  -> (artifact id: '75a691d989902bd5ce31bd300fae3340') in 0.410472 seconds 
  Import took 0.417863 seconds .

========================================================================
Received Import Request.
  Time since last request: 0.001096 seconds.
  path: Assets/Sounds/Ice Sound by Clearwavsound.wav
  artifactKey: Guid(3b0c638bb56bd6c4baacf197cd1c1215) Importer(815301076,1909f56bfc062723c751e8b465ee728b)
Start importing Assets/Sounds/Ice Sound by Clearwavsound.wav using Guid(3b0c638bb56bd6c4baacf197cd1c1215) Importer(815301076,1909f56bfc062723c751e8b465ee728b)  -> (artifact id: '75869a242f93adafc3ed3a4107426697') in 0.015086 seconds 
  Import took 0.022738 seconds .

========================================================================
Received Import Request.
  Time since last request: 0.000542 seconds.
  path: Assets/Sounds/(short) Plop by lamamakesmusic.wav
  artifactKey: Guid(8c4304cc23a7bf54eb9e42c42a9b5874) Importer(815301076,1909f56bfc062723c751e8b465ee728b)
Start importing Assets/Sounds/(short) Plop by lamamakesmusic.wav using Guid(8c4304cc23a7bf54eb9e42c42a9b5874) Importer(815301076,1909f56bfc062723c751e8b465ee728b)  -> (artifact id: '084ab3578fda29bc81a316a1f11441c5') in 0.012638 seconds 
  Import took 0.021005 seconds .

========================================================================
Received Import Request.
  Time since last request: 0.000420 seconds.
  path: Assets/Sounds/Coin Clatter by FenrirFangs.wav
  artifactKey: Guid(d4b55afd23dec8f47a268498aa68efe5) Importer(815301076,1909f56bfc062723c751e8b465ee728b)
Start importing Assets/Sounds/Coin Clatter by FenrirFangs.wav using Guid(d4b55afd23dec8f47a268498aa68efe5) Importer(815301076,1909f56bfc062723c751e8b465ee728b)  -> (artifact id: 'b6b3ca396cba5b60532c2175f83e662a') in 0.013587 seconds 
  Import took 0.020190 seconds .

========================================================================
Received Import Request.
  Time since last request: 0.000413 seconds.
  path: Assets/Sounds/Cat Meowing by lextrack.mp3
  artifactKey: Guid(82d0cdbe1c3d8c54a859a488f6534c21) Importer(815301076,1909f56bfc062723c751e8b465ee728b)
Start importing Assets/Sounds/Cat Meowing by lextrack.mp3 using Guid(82d0cdbe1c3d8c54a859a488f6534c21) Importer(815301076,1909f56bfc062723c751e8b465ee728b)  -> (artifact id: '507903c84ac8a70be7f323e6448305ff') in 0.220322 seconds 
  Import took 0.228220 seconds .

========================================================================
Received Import Request.
  Time since last request: 0.001959 seconds.
  path: Assets/Sounds/Pour by loganrando.wav
  artifactKey: Guid(2ebcecd887fffb043a9053fe8694cc08) Importer(815301076,1909f56bfc062723c751e8b465ee728b)
Start importing Assets/Sounds/Pour by loganrando.wav using Guid(2ebcecd887fffb043a9053fe8694cc08) Importer(815301076,1909f56bfc062723c751e8b465ee728b)  -> (artifact id: '25747522d2f5f461a72d2907e2c47362') in 0.022665 seconds 
  Import took 0.030917 seconds .

========================================================================
Received Import Request.
  Time since last request: 0.000384 seconds.
  path: Assets/Sounds/Door ding by kausha.mp3
  artifactKey: Guid(86eb8609ee3c36640854d2a91b84342f) Importer(815301076,1909f56bfc062723c751e8b465ee728b)
Start importing Assets/Sounds/Door ding by kausha.mp3 using Guid(86eb8609ee3c36640854d2a91b84342f) Importer(815301076,1909f56bfc062723c751e8b465ee728b)  -> (artifact id: '8e11ea081c8b85843da8aec5cb3b172f') in 0.017729 seconds 
  Import took 0.023783 seconds .

========================================================================
Received Prepare
Registering precompiled user dll's ...
Registered in 0.013510 seconds.
Begin MonoManager ReloadAssembly
Native extension for WindowsStandalone target not found
Native extension for OSXStandalone target not found
Native extension for WebGL target not found
Refreshing native plugins compatible for Editor in 1.45 ms, found 3 plugins.
Preloading 0 native plugins for Editor in 0.00 ms.
Mono: successfully reloaded assembly
- Completed reload, in  3.001 seconds
Domain Reload Profiling:
	ReloadAssembly (3012ms)
		BeginReloadAssembly (404ms)
			ExecutionOrderSort (0ms)
			DisableScriptedObjects (35ms)
			BackupInstance (0ms)
			ReleaseScriptingObjects (1ms)
			CreateAndSetChildDomain (219ms)
		EndReloadAssembly (2439ms)
			LoadAssemblies (173ms)
			RebuildTransferFunctionScriptingTraits (0ms)
			SetupTypeCache (935ms)
			ReleaseScriptCaches (1ms)
			RebuildScriptCaches (116ms)
			SetupLoadedEditorAssemblies (890ms)
				LogAssemblyErrors (0ms)
				InitializePlatformSupportModulesInManaged (14ms)
				SetLoadedEditorAssemblies (6ms)
				RefreshPlugins (2ms)
				BeforeProcessingInitializeOnLoad (237ms)
				ProcessInitializeOnLoadAttributes (601ms)
				ProcessInitializeOnLoadMethodAttributes (27ms)
				AfterProcessingInitializeOnLoad (3ms)
				EditorAssembliesLoaded (0ms)
			ExecutionOrderSort2 (0ms)
			AwakeInstancesAfterBackupRestoration (22ms)
Platform modules already initialized, skipping
Switching build target platform(2) subTarget(0) extendedPlatform(0) -> platform(9) subTarget(16777218) extendedPlatform(0)
Refreshing native plugins compatible for Editor in 0.87 ms, found 3 plugins.
Preloading 0 native plugins for Editor in 0.00 ms.
Unloading 2192 Unused Serialized files (Serialized files now loaded: 0)
System memory in use before: 210.1 MB.
System memory in use after: 210.2 MB.

Unloading 17 unused Assets to reduce memory usage. Loaded Objects now: 2687.
Total: 5.943717 ms (FindLiveObjects: 0.449022 ms CreateObjectMapping: 0.126462 ms MarkObjects: 5.302852 ms  DeleteObjects: 0.063293 ms)

AssetImportParameters requested are different than current active one (requested -> active):
  custom:video-decoder-ogg-theora: a1e56fd34408186e4bbccfd4996cb3dc -> 
  custom:container-muxer-webm: aa71ff27fc2769a1b78a27578f13a17b -> 
  custom:container-demuxer-webm: 4f35f7cbe854078d1ac9338744f61a02 -> 
  custom:container-demuxer-ogg: 62fdf1f143b41e24485cea50d1cbac27 -> 
  custom:video-encoder-webm-vp8: eb34c28f22e8b96e1ab97ce403110664 -> 
  custom:framework-osx-AVFoundation: b23960f63f64bdc6ff669e2cdcee2391 -> 
  custom:video-decoder-webm-vp8: 9c59270c3fd7afecdb556c50c9e8de78 -> 
  custom:graphics/normal-map-encoding: 01000000000000000000000000000000 -> 02000000000000000000000000000000
  custom:audio-decoder-ogg-vorbis: bf7c407c2cedff20999df2af8eb42d56 -> 
  custom:audio-encoder-webm-vorbis: bf7c407c2cedff20999df2af8eb42d56 -> 
========================================================================
Received Prepare
Registering precompiled user dll's ...
Registered in 0.016839 seconds.
Begin MonoManager ReloadAssembly
Native extension for WindowsStandalone target not found
Native extension for OSXStandalone target not found
Native extension for WebGL target not found
Refreshing native plugins compatible for Editor in 0.80 ms, found 3 plugins.
Preloading 0 native plugins for Editor in 0.00 ms.
Mono: successfully reloaded assembly
- Completed reload, in  2.496 seconds
Domain Reload Profiling:
	ReloadAssembly (2500ms)
		BeginReloadAssembly (234ms)
			ExecutionOrderSort (0ms)
			DisableScriptedObjects (25ms)
			BackupInstance (0ms)
			ReleaseScriptingObjects (0ms)
			CreateAndSetChildDomain (121ms)
		EndReloadAssembly (2127ms)
			LoadAssemblies (216ms)
			RebuildTransferFunctionScriptingTraits (0ms)
			SetupTypeCache (818ms)
			ReleaseScriptCaches (2ms)
			RebuildScriptCaches (106ms)
			SetupLoadedEditorAssemblies (700ms)
				LogAssemblyErrors (0ms)
				InitializePlatformSupportModulesInManaged (11ms)
				SetLoadedEditorAssemblies (1ms)
				RefreshPlugins (1ms)
				BeforeProcessingInitializeOnLoad (198ms)
				ProcessInitializeOnLoadAttributes (460ms)
				ProcessInitializeOnLoadMethodAttributes (26ms)
				AfterProcessingInitializeOnLoad (3ms)
				EditorAssembliesLoaded (0ms)
			ExecutionOrderSort2 (0ms)
			AwakeInstancesAfterBackupRestoration (18ms)
Platform modules already initialized, skipping
Switching build target platform(2) subTarget(0) extendedPlatform(0) -> platform(9) subTarget(16777218) extendedPlatform(0)
Refreshing native plugins compatible for Editor in 0.80 ms, found 3 plugins.
Preloading 0 native plugins for Editor in 0.00 ms.
Unloading 2192 Unused Serialized files (Serialized files now loaded: 0)
System memory in use before: 210.3 MB.
System memory in use after: 210.5 MB.

Unloading 17 unused Assets to reduce memory usage. Loaded Objects now: 2689.
Total: 5.311790 ms (FindLiveObjects: 0.288661 ms CreateObjectMapping: 0.105268 ms MarkObjects: 4.881510 ms  DeleteObjects: 0.034305 ms)

AssetImportParameters requested are different than current active one (requested -> active):
  custom:video-decoder-ogg-theora: a1e56fd34408186e4bbccfd4996cb3dc -> 
  custom:container-muxer-webm: aa71ff27fc2769a1b78a27578f13a17b -> 
  custom:container-demuxer-webm: 4f35f7cbe854078d1ac9338744f61a02 -> 
  custom:container-demuxer-ogg: 62fdf1f143b41e24485cea50d1cbac27 -> 
  custom:video-encoder-webm-vp8: eb34c28f22e8b96e1ab97ce403110664 -> 
  custom:framework-osx-AVFoundation: b23960f63f64bdc6ff669e2cdcee2391 -> 
  custom:video-decoder-webm-vp8: 9c59270c3fd7afecdb556c50c9e8de78 -> 
  custom:graphics/normal-map-encoding: 01000000000000000000000000000000 -> 02000000000000000000000000000000
  custom:audio-decoder-ogg-vorbis: bf7c407c2cedff20999df2af8eb42d56 -> 
  custom:audio-encoder-webm-vorbis: bf7c407c2cedff20999df2af8eb42d56 -> 
========================================================================
Received Prepare
Registering precompiled user dll's ...
Registered in 0.006000 seconds.
Begin MonoManager ReloadAssembly
Native extension for WindowsStandalone target not found
Native extension for OSXStandalone target not found
Native extension for WebGL target not found
Refreshing native plugins compatible for Editor in 0.86 ms, found 3 plugins.
Preloading 0 native plugins for Editor in 0.00 ms.
Mono: successfully reloaded assembly
- Completed reload, in  3.057 seconds
Domain Reload Profiling:
	ReloadAssembly (3060ms)
		BeginReloadAssembly (432ms)
			ExecutionOrderSort (0ms)
			DisableScriptedObjects (32ms)
			BackupInstance (0ms)
			ReleaseScriptingObjects (1ms)
			CreateAndSetChildDomain (260ms)
		EndReloadAssembly (2465ms)
			LoadAssemblies (280ms)
			RebuildTransferFunctionScriptingTraits (0ms)
			SetupTypeCache (932ms)
			ReleaseScriptCaches (2ms)
			RebuildScriptCaches (135ms)
			SetupLoadedEditorAssemblies (795ms)
				LogAssemblyErrors (0ms)
				InitializePlatformSupportModulesInManaged (13ms)
				SetLoadedEditorAssemblies (1ms)
				RefreshPlugins (1ms)
				BeforeProcessingInitializeOnLoad (254ms)
				ProcessInitializeOnLoadAttributes (505ms)
				ProcessInitializeOnLoadMethodAttributes (19ms)
				AfterProcessingInitializeOnLoad (2ms)
				EditorAssembliesLoaded (0ms)
			ExecutionOrderSort2 (0ms)
			AwakeInstancesAfterBackupRestoration (17ms)
Platform modules already initialized, skipping
Switching build target platform(2) subTarget(0) extendedPlatform(0) -> platform(9) subTarget(16777218) extendedPlatform(0)
Refreshing native plugins compatible for Editor in 1.02 ms, found 3 plugins.
Preloading 0 native plugins for Editor in 0.00 ms.
Unloading 2192 Unused Serialized files (Serialized files now loaded: 0)
System memory in use before: 210.6 MB.
System memory in use after: 210.7 MB.

Unloading 17 unused Assets to reduce memory usage. Loaded Objects now: 2691.
Total: 10.914444 ms (FindLiveObjects: 0.875497 ms CreateObjectMapping: 0.151895 ms MarkObjects: 9.813735 ms  DeleteObjects: 0.070292 ms)

AssetImportParameters requested are different than current active one (requested -> active):
  custom:video-decoder-ogg-theora: a1e56fd34408186e4bbccfd4996cb3dc -> 
  custom:container-muxer-webm: aa71ff27fc2769a1b78a27578f13a17b -> 
  custom:container-demuxer-webm: 4f35f7cbe854078d1ac9338744f61a02 -> 
  custom:container-demuxer-ogg: 62fdf1f143b41e24485cea50d1cbac27 -> 
  custom:video-encoder-webm-vp8: eb34c28f22e8b96e1ab97ce403110664 -> 
  custom:framework-osx-AVFoundation: b23960f63f64bdc6ff669e2cdcee2391 -> 
  custom:video-decoder-webm-vp8: 9c59270c3fd7afecdb556c50c9e8de78 -> 
  custom:graphics/normal-map-encoding: 01000000000000000000000000000000 -> 02000000000000000000000000000000
  custom:audio-decoder-ogg-vorbis: bf7c407c2cedff20999df2af8eb42d56 -> 
  custom:audio-encoder-webm-vorbis: bf7c407c2cedff20999df2af8eb42d56 -> 
========================================================================
Received Prepare
Registering precompiled user dll's ...
Registered in 0.054350 seconds.
Begin MonoManager ReloadAssembly
Native extension for WindowsStandalone target not found
Native extension for OSXStandalone target not found
Native extension for WebGL target not found
Refreshing native plugins compatible for Editor in 10.32 ms, found 3 plugins.
Preloading 0 native plugins for Editor in 0.00 ms.
Mono: successfully reloaded assembly
- Completed reload, in  6.214 seconds
Domain Reload Profiling:
	ReloadAssembly (6223ms)
		BeginReloadAssembly (897ms)
			ExecutionOrderSort (0ms)
			DisableScriptedObjects (66ms)
			BackupInstance (0ms)
			ReleaseScriptingObjects (1ms)
			CreateAndSetChildDomain (444ms)
		EndReloadAssembly (4838ms)
			LoadAssemblies (581ms)
			RebuildTransferFunctionScriptingTraits (0ms)
			SetupTypeCache (2260ms)
			ReleaseScriptCaches (90ms)
			RebuildScriptCaches (260ms)
			SetupLoadedEditorAssemblies (1323ms)
				LogAssemblyErrors (0ms)
				InitializePlatformSupportModulesInManaged (32ms)
				SetLoadedEditorAssemblies (2ms)
				RefreshPlugins (10ms)
				BeforeProcessingInitializeOnLoad (352ms)
				ProcessInitializeOnLoadAttributes (891ms)
				ProcessInitializeOnLoadMethodAttributes (32ms)
				AfterProcessingInitializeOnLoad (3ms)
				EditorAssembliesLoaded (0ms)
			ExecutionOrderSort2 (0ms)
			AwakeInstancesAfterBackupRestoration (31ms)
Platform modules already initialized, skipping
Switching build target platform(2) subTarget(0) extendedPlatform(0) -> platform(9) subTarget(16777218) extendedPlatform(0)
Refreshing native plugins compatible for Editor in 1.20 ms, found 3 plugins.
Preloading 0 native plugins for Editor in 0.00 ms.
Unloading 2192 Unused Serialized files (Serialized files now loaded: 0)
System memory in use before: 210.8 MB.
System memory in use after: 210.9 MB.

Unloading 17 unused Assets to reduce memory usage. Loaded Objects now: 2693.
Total: 30.240197 ms (FindLiveObjects: 1.176167 ms CreateObjectMapping: 0.242232 ms MarkObjects: 28.729973 ms  DeleteObjects: 0.088900 ms)

AssetImportParameters requested are different than current active one (requested -> active):
  custom:video-decoder-ogg-theora: a1e56fd34408186e4bbccfd4996cb3dc -> 
  custom:container-muxer-webm: aa71ff27fc2769a1b78a27578f13a17b -> 
  custom:container-demuxer-webm: 4f35f7cbe854078d1ac9338744f61a02 -> 
  custom:container-demuxer-ogg: 62fdf1f143b41e24485cea50d1cbac27 -> 
  custom:video-encoder-webm-vp8: eb34c28f22e8b96e1ab97ce403110664 -> 
  custom:framework-osx-AVFoundation: b23960f63f64bdc6ff669e2cdcee2391 -> 
  custom:video-decoder-webm-vp8: 9c59270c3fd7afecdb556c50c9e8de78 -> 
  custom:graphics/normal-map-encoding: 01000000000000000000000000000000 -> 02000000000000000000000000000000
  custom:audio-decoder-ogg-vorbis: bf7c407c2cedff20999df2af8eb42d56 -> 
  custom:audio-encoder-webm-vorbis: bf7c407c2cedff20999df2af8eb42d56 -> 
========================================================================
Received Prepare
Registering precompiled user dll's ...
Registered in 0.007629 seconds.
Begin MonoManager ReloadAssembly
Native extension for WindowsStandalone target not found
Native extension for OSXStandalone target not found
Native extension for WebGL target not found
Refreshing native plugins compatible for Editor in 1.60 ms, found 3 plugins.
Preloading 0 native plugins for Editor in 0.00 ms.
Mono: successfully reloaded assembly
- Completed reload, in  3.848 seconds
Domain Reload Profiling:
	ReloadAssembly (3851ms)
		BeginReloadAssembly (415ms)
			ExecutionOrderSort (0ms)
			DisableScriptedObjects (28ms)
			BackupInstance (0ms)
			ReleaseScriptingObjects (0ms)
			CreateAndSetChildDomain (268ms)
		EndReloadAssembly (3269ms)
			LoadAssemblies (249ms)
			RebuildTransferFunctionScriptingTraits (0ms)
			SetupTypeCache (1202ms)
			ReleaseScriptCaches (3ms)
			RebuildScriptCaches (187ms)
			SetupLoadedEditorAssemblies (1119ms)
				LogAssemblyErrors (0ms)
				InitializePlatformSupportModulesInManaged (17ms)
				SetLoadedEditorAssemblies (1ms)
				RefreshPlugins (2ms)
				BeforeProcessingInitializeOnLoad (299ms)
				ProcessInitializeOnLoadAttributes (764ms)
				ProcessInitializeOnLoadMethodAttributes (32ms)
				AfterProcessingInitializeOnLoad (3ms)
				EditorAssembliesLoaded (0ms)
			ExecutionOrderSort2 (0ms)
			AwakeInstancesAfterBackupRestoration (21ms)
Platform modules already initialized, skipping
Switching build target platform(2) subTarget(0) extendedPlatform(0) -> platform(9) subTarget(16777218) extendedPlatform(0)
Refreshing native plugins compatible for Editor in 1.12 ms, found 3 plugins.
Preloading 0 native plugins for Editor in 0.00 ms.
Unloading 2192 Unused Serialized files (Serialized files now loaded: 0)
System memory in use before: 211.0 MB.
System memory in use after: 211.1 MB.

Unloading 17 unused Assets to reduce memory usage. Loaded Objects now: 2695.
Total: 6.310129 ms (FindLiveObjects: 0.422414 ms CreateObjectMapping: 0.121284 ms MarkObjects: 5.703733 ms  DeleteObjects: 0.060775 ms)

AssetImportParameters requested are different than current active one (requested -> active):
  custom:video-decoder-ogg-theora: a1e56fd34408186e4bbccfd4996cb3dc -> 
  custom:container-muxer-webm: aa71ff27fc2769a1b78a27578f13a17b -> 
  custom:container-demuxer-webm: 4f35f7cbe854078d1ac9338744f61a02 -> 
  custom:container-demuxer-ogg: 62fdf1f143b41e24485cea50d1cbac27 -> 
  custom:video-encoder-webm-vp8: eb34c28f22e8b96e1ab97ce403110664 -> 
  custom:framework-osx-AVFoundation: b23960f63f64bdc6ff669e2cdcee2391 -> 
  custom:video-decoder-webm-vp8: 9c59270c3fd7afecdb556c50c9e8de78 -> 
  custom:graphics/normal-map-encoding: 01000000000000000000000000000000 -> 02000000000000000000000000000000
  custom:audio-decoder-ogg-vorbis: bf7c407c2cedff20999df2af8eb42d56 -> 
  custom:audio-encoder-webm-vorbis: bf7c407c2cedff20999df2af8eb42d56 -> 
========================================================================
Received Prepare
Registering precompiled user dll's ...
Registered in 0.007312 seconds.
Begin MonoManager ReloadAssembly
Native extension for WindowsStandalone target not found
Native extension for OSXStandalone target not found
Native extension for WebGL target not found
Refreshing native plugins compatible for Editor in 0.85 ms, found 3 plugins.
Preloading 0 native plugins for Editor in 0.00 ms.
Mono: successfully reloaded assembly
- Completed reload, in  3.404 seconds
Domain Reload Profiling:
	ReloadAssembly (3408ms)
		BeginReloadAssembly (494ms)
			ExecutionOrderSort (0ms)
			DisableScriptedObjects (32ms)
			BackupInstance (0ms)
			ReleaseScriptingObjects (1ms)
			CreateAndSetChildDomain (325ms)
		EndReloadAssembly (2723ms)
			LoadAssemblies (256ms)
			RebuildTransferFunctionScriptingTraits (0ms)
			SetupTypeCache (1006ms)
			ReleaseScriptCaches (2ms)
			RebuildScriptCaches (152ms)
			SetupLoadedEditorAssemblies (941ms)
				LogAssemblyErrors (0ms)
				InitializePlatformSupportModulesInManaged (13ms)
				SetLoadedEditorAssemblies (1ms)
				RefreshPlugins (1ms)
				BeforeProcessingInitializeOnLoad (254ms)
				ProcessInitializeOnLoadAttributes (644ms)
				ProcessInitializeOnLoadMethodAttributes (24ms)
				AfterProcessingInitializeOnLoad (3ms)
				EditorAssembliesLoaded (0ms)
			ExecutionOrderSort2 (0ms)
			AwakeInstancesAfterBackupRestoration (23ms)
Platform modules already initialized, skipping
Switching build target platform(2) subTarget(0) extendedPlatform(0) -> platform(9) subTarget(16777218) extendedPlatform(0)
Refreshing native plugins compatible for Editor in 0.91 ms, found 3 plugins.
Preloading 0 native plugins for Editor in 0.00 ms.
Unloading 2192 Unused Serialized files (Serialized files now loaded: 0)
System memory in use before: 211.2 MB.
System memory in use after: 211.3 MB.

Unloading 17 unused Assets to reduce memory usage. Loaded Objects now: 2697.
Total: 6.529750 ms (FindLiveObjects: 0.422235 ms CreateObjectMapping: 0.125650 ms MarkObjects: 5.915373 ms  DeleteObjects: 0.064118 ms)

AssetImportParameters requested are different than current active one (requested -> active):
  custom:video-decoder-ogg-theora: a1e56fd34408186e4bbccfd4996cb3dc -> 
  custom:container-muxer-webm: aa71ff27fc2769a1b78a27578f13a17b -> 
  custom:container-demuxer-webm: 4f35f7cbe854078d1ac9338744f61a02 -> 
  custom:container-demuxer-ogg: 62fdf1f143b41e24485cea50d1cbac27 -> 
  custom:video-encoder-webm-vp8: eb34c28f22e8b96e1ab97ce403110664 -> 
  custom:framework-osx-AVFoundation: b23960f63f64bdc6ff669e2cdcee2391 -> 
  custom:video-decoder-webm-vp8: 9c59270c3fd7afecdb556c50c9e8de78 -> 
  custom:graphics/normal-map-encoding: 01000000000000000000000000000000 -> 02000000000000000000000000000000
  custom:audio-decoder-ogg-vorbis: bf7c407c2cedff20999df2af8eb42d56 -> 
  custom:audio-encoder-webm-vorbis: bf7c407c2cedff20999df2af8eb42d56 -> 
========================================================================
Received Prepare
Registering precompiled user dll's ...
Registered in 0.014064 seconds.
Begin MonoManager ReloadAssembly
Native extension for WindowsStandalone target not found
Native extension for OSXStandalone target not found
Native extension for WebGL target not found
Refreshing native plugins compatible for Editor in 0.77 ms, found 3 plugins.
Preloading 0 native plugins for Editor in 0.00 ms.
Mono: successfully reloaded assembly
- Completed reload, in  2.665 seconds
Domain Reload Profiling:
	ReloadAssembly (2666ms)
		BeginReloadAssembly (276ms)
			ExecutionOrderSort (0ms)
			DisableScriptedObjects (16ms)
			BackupInstance (0ms)
			ReleaseScriptingObjects (0ms)
			CreateAndSetChildDomain (155ms)
		EndReloadAssembly (2227ms)
			LoadAssemblies (262ms)
			RebuildTransferFunctionScriptingTraits (0ms)
			SetupTypeCache (782ms)
			ReleaseScriptCaches (1ms)
			RebuildScriptCaches (107ms)
			SetupLoadedEditorAssemblies (770ms)
				LogAssemblyErrors (0ms)
				InitializePlatformSupportModulesInManaged (12ms)
				SetLoadedEditorAssemblies (1ms)
				RefreshPlugins (1ms)
				BeforeProcessingInitializeOnLoad (209ms)
				ProcessInitializeOnLoadAttributes (517ms)
				ProcessInitializeOnLoadMethodAttributes (27ms)
				AfterProcessingInitializeOnLoad (2ms)
				EditorAssembliesLoaded (0ms)
			ExecutionOrderSort2 (0ms)
			AwakeInstancesAfterBackupRestoration (19ms)
Platform modules already initialized, skipping
Switching build target platform(2) subTarget(0) extendedPlatform(0) -> platform(9) subTarget(16777218) extendedPlatform(0)
Refreshing native plugins compatible for Editor in 0.77 ms, found 3 plugins.
Preloading 0 native plugins for Editor in 0.00 ms.
Unloading 2192 Unused Serialized files (Serialized files now loaded: 0)
System memory in use before: 211.4 MB.
System memory in use after: 211.5 MB.

Unloading 17 unused Assets to reduce memory usage. Loaded Objects now: 2699.
Total: 5.716963 ms (FindLiveObjects: 0.472049 ms CreateObjectMapping: 0.138124 ms MarkObjects: 5.044962 ms  DeleteObjects: 0.059856 ms)

AssetImportParameters requested are different than current active one (requested -> active):
  custom:video-decoder-ogg-theora: a1e56fd34408186e4bbccfd4996cb3dc -> 
  custom:container-muxer-webm: aa71ff27fc2769a1b78a27578f13a17b -> 
  custom:container-demuxer-webm: 4f35f7cbe854078d1ac9338744f61a02 -> 
  custom:container-demuxer-ogg: 62fdf1f143b41e24485cea50d1cbac27 -> 
  custom:video-encoder-webm-vp8: eb34c28f22e8b96e1ab97ce403110664 -> 
  custom:framework-osx-AVFoundation: b23960f63f64bdc6ff669e2cdcee2391 -> 
  custom:video-decoder-webm-vp8: 9c59270c3fd7afecdb556c50c9e8de78 -> 
  custom:graphics/normal-map-encoding: 01000000000000000000000000000000 -> 02000000000000000000000000000000
  custom:audio-decoder-ogg-vorbis: bf7c407c2cedff20999df2af8eb42d56 -> 
  custom:audio-encoder-webm-vorbis: bf7c407c2cedff20999df2af8eb42d56 -> 
========================================================================
Received Import Request.
  Time since last request: 1437.282750 seconds.
  path: Assets/Prefabs
  artifactKey: Guid(ddbfd019840e94dd086d5a696bd969f9) Importer(815301076,1909f56bfc062723c751e8b465ee728b)
Start importing Assets/Prefabs using Guid(ddbfd019840e94dd086d5a696bd969f9) Importer(815301076,1909f56bfc062723c751e8b465ee728b)  -> (artifact id: '41d1d453f034c96d0a032074f1a2136e') in 0.019011 seconds 
  Import took 0.028198 seconds .

========================================================================
Received Import Request.
  Time since last request: 1.315134 seconds.
  path: Assets/Prefabs/Customer.prefab
  artifactKey: Guid(e1a8df0543f53483d93a34ebada4fcde) Importer(815301076,1909f56bfc062723c751e8b465ee728b)
Start importing Assets/Prefabs/Customer.prefab using Guid(e1a8df0543f53483d93a34ebada4fcde) Importer(815301076,1909f56bfc062723c751e8b465ee728b)  -> (artifact id: '711fff6a7b9f1f71f931b75404d50707') in 0.378494 seconds 
  Import took 0.386147 seconds .

========================================================================
Received Import Request.
  Time since last request: 0.001610 seconds.
  path: Assets/Prefabs/Player.prefab
  artifactKey: Guid(0c6d0b44eba2e4e1fa406861b90c332e) Importer(815301076,1909f56bfc062723c751e8b465ee728b)
Start importing Assets/Prefabs/Player.prefab using Guid(0c6d0b44eba2e4e1fa406861b90c332e) Importer(815301076,1909f56bfc062723c751e8b465ee728b)  -> (artifact id: '3d993575229c5bbf333c03a035a08390') in 0.023039 seconds 
  Import took 0.031234 seconds .

========================================================================
Received Import Request.
  Time since last request: 3.808977 seconds.
  path: Assets/Prefabs/Teas
  artifactKey: Guid(a3912b8b1644745e7a0d054a597df9b8) Importer(815301076,1909f56bfc062723c751e8b465ee728b)
Start importing Assets/Prefabs/Teas using Guid(a3912b8b1644745e7a0d054a597df9b8) Importer(815301076,1909f56bfc062723c751e8b465ee728b)  -> (artifact id: '5bf6661361398fd1a2db1fdf018bec8d') in 0.003787 seconds 
  Import took 0.010661 seconds .

========================================================================
Received Import Request.
  Time since last request: 1.318486 seconds.
  path: Assets/Prefabs/Teas/Tea.prefab
  artifactKey: Guid(0ffb2f1f02ab54defadbaea3289dd4f7) Importer(815301076,1909f56bfc062723c751e8b465ee728b)
Start importing Assets/Prefabs/Teas/Tea.prefab using Guid(0ffb2f1f02ab54defadbaea3289dd4f7) Importer(815301076,1909f56bfc062723c751e8b465ee728b)  -> (artifact id: 'c78c41522316a841c6758ad6756bcab1') in 0.026070 seconds 
  Import took 0.033143 seconds .

========================================================================
Received Import Request.
  Time since last request: 0.000643 seconds.
  path: Assets/Prefabs/Teas/Tea2Plating.prefab
  artifactKey: Guid(178595a5e9e6f4d60b72791c4b5797f6) Importer(815301076,1909f56bfc062723c751e8b465ee728b)
Start importing Assets/Prefabs/Teas/Tea2Plating.prefab using Guid(178595a5e9e6f4d60b72791c4b5797f6) Importer(815301076,1909f56bfc062723c751e8b465ee728b)  -> (artifact id: 'b5a22dd3fadbf708ad172d4f040743f3') in 0.025648 seconds 
  Import took 0.032558 seconds .

========================================================================
Received Import Request.
  Time since last request: 0.000391 seconds.
  path: Assets/Prefabs/Teas/Tea1Obj Variant.prefab
  artifactKey: Guid(ba81ea5f56ed643f39d56b1268aa4b69) Importer(815301076,1909f56bfc062723c751e8b465ee728b)
Start importing Assets/Prefabs/Teas/Tea1Obj Variant.prefab using Guid(ba81ea5f56ed643f39d56b1268aa4b69) Importer(815301076,1909f56bfc062723c751e8b465ee728b)  -> (artifact id: '72353c08acc6a35467f099399ff061af') in 0.025064 seconds 
  Import took 0.031222 seconds .

========================================================================
Received Import Request.
  Time since last request: 0.000439 seconds.
  path: Assets/Prefabs/Teas/Tea3Decal Variant.prefab
  artifactKey: Guid(a9f96586fbf664da2a0b674b01566d2a) Importer(815301076,1909f56bfc062723c751e8b465ee728b)
Start importing Assets/Prefabs/Teas/Tea3Decal Variant.prefab using Guid(a9f96586fbf664da2a0b674b01566d2a) Importer(815301076,1909f56bfc062723c751e8b465ee728b)  -> (artifact id: '3d18f71537dfc6460262cfed50357a1d') in 0.019672 seconds 
  Import took 0.026110 seconds .

========================================================================
Received Import Request.
  Time since last request: 0.000396 seconds.
  path: Assets/Prefabs/Teas/Tea1Plating.prefab
  artifactKey: Guid(bfde7ddde08d248369c23820a598c98f) Importer(815301076,1909f56bfc062723c751e8b465ee728b)
Start importing Assets/Prefabs/Teas/Tea1Plating.prefab using Guid(bfde7ddde08d248369c23820a598c98f) Importer(815301076,1909f56bfc062723c751e8b465ee728b)  -> (artifact id: '65d92afe5a08621c44a0c1a3f3b91a5a') in 0.020647 seconds 
  Import took 0.027044 seconds .

========================================================================
Received Import Request.
  Time since last request: 0.000405 seconds.
  path: Assets/Prefabs/Teas/Tea2Cook Variant.prefab
  artifactKey: Guid(51f7d41dee25b400397be092ac76f677) Importer(815301076,1909f56bfc062723c751e8b465ee728b)
Start importing Assets/Prefabs/Teas/Tea2Cook Variant.prefab using Guid(51f7d41dee25b400397be092ac76f677) Importer(815301076,1909f56bfc062723c751e8b465ee728b)  -> (artifact id: '3aa84d52afa12605760a7f958997b1e3') in 0.021928 seconds 
  Import took 0.028157 seconds .

========================================================================
Received Import Request.
  Time since last request: 0.000418 seconds.
  path: Assets/Prefabs/Teas/Tea3Plating.prefab
  artifactKey: Guid(cd9da93b63a0948f08105872b4d77560) Importer(815301076,1909f56bfc062723c751e8b465ee728b)
Start importing Assets/Prefabs/Teas/Tea3Plating.prefab using Guid(cd9da93b63a0948f08105872b4d77560) Importer(815301076,1909f56bfc062723c751e8b465ee728b)  -> (artifact id: '6bf785362e651b8dd809119dc7d3eb6f') in 0.022019 seconds 
  Import took 0.028406 seconds .

========================================================================
Received Import Request.
  Time since last request: 0.000415 seconds.
  path: Assets/Prefabs/Teas/Tea3Cook Variant.prefab
  artifactKey: Guid(11d9fc14187c24a83aab4a0c3f7e0aaf) Importer(815301076,1909f56bfc062723c751e8b465ee728b)
Start importing Assets/Prefabs/Teas/Tea3Cook Variant.prefab using Guid(11d9fc14187c24a83aab4a0c3f7e0aaf) Importer(815301076,1909f56bfc062723c751e8b465ee728b)  -> (artifact id: 'f8b0087879792a9a35d358dbb5ee7578') in 0.023626 seconds 
  Import took 0.030106 seconds .

========================================================================
Received Import Request.
  Time since last request: 0.000541 seconds.
  path: Assets/Prefabs/Teas/Tea1Cook Variant.prefab
  artifactKey: Guid(1161a22145bb54e539e599daad121128) Importer(815301076,1909f56bfc062723c751e8b465ee728b)
Start importing Assets/Prefabs/Teas/Tea1Cook Variant.prefab using Guid(1161a22145bb54e539e599daad121128) Importer(815301076,1909f56bfc062723c751e8b465ee728b)  -> (artifact id: 'f01608c79f0d9fed7adc8ba050f9d42b') in 0.022906 seconds 
  Import took 0.029673 seconds .

========================================================================
Received Import Request.
  Time since last request: 0.000410 seconds.
  path: Assets/Prefabs/Teas/Tea1Decal Variant.prefab
  artifactKey: Guid(44c1b87d2011241718fb5e4c59b6ee9b) Importer(815301076,1909f56bfc062723c751e8b465ee728b)
Start importing Assets/Prefabs/Teas/Tea1Decal Variant.prefab using Guid(44c1b87d2011241718fb5e4c59b6ee9b) Importer(815301076,1909f56bfc062723c751e8b465ee728b)  -> (artifact id: '4f9653cd7b9eb2a901dbb83cde1b94a8') in 0.021208 seconds 
  Import took 0.028166 seconds .

========================================================================
Received Import Request.
  Time since last request: 0.000504 seconds.
  path: Assets/Prefabs/Teas/Tea3Bin Variant.prefab
  artifactKey: Guid(bde0bc467b5154bb1b70dabe548df01b) Importer(815301076,1909f56bfc062723c751e8b465ee728b)
Start importing Assets/Prefabs/Teas/Tea3Bin Variant.prefab using Guid(bde0bc467b5154bb1b70dabe548df01b) Importer(815301076,1909f56bfc062723c751e8b465ee728b)  -> (artifact id: '9bbe13c55e38cdf7a977090f02a3a9ad') in 0.021048 seconds 
  Import took 0.027448 seconds .

========================================================================
Received Import Request.
  Time since last request: 0.000487 seconds.
  path: Assets/Prefabs/Teas/Tea2Bin Variant.prefab
  artifactKey: Guid(c51e157162dd84e958b0f113fac87459) Importer(815301076,1909f56bfc062723c751e8b465ee728b)
Start importing Assets/Prefabs/Teas/Tea2Bin Variant.prefab using Guid(c51e157162dd84e958b0f113fac87459) Importer(815301076,1909f56bfc062723c751e8b465ee728b)  -> (artifact id: '4dd06f43739dc321875c1b54b0b189d8') in 0.027520 seconds 
  Import took 0.036771 seconds .

========================================================================
Received Import Request.
  Time since last request: 0.000990 seconds.
  path: Assets/Prefabs/Teas/Tea3Obj Variant.prefab
  artifactKey: Guid(2a55f4d8a0d1544549660cadcc566692) Importer(815301076,1909f56bfc062723c751e8b465ee728b)
Start importing Assets/Prefabs/Teas/Tea3Obj Variant.prefab using Guid(2a55f4d8a0d1544549660cadcc566692) Importer(815301076,1909f56bfc062723c751e8b465ee728b)  -> (artifact id: '8401e247e9a817514f8bca9937731d72') in 0.028804 seconds 
  Import took 0.037714 seconds .

========================================================================
Received Import Request.
  Time since last request: 0.000520 seconds.
  path: Assets/Prefabs/Teas/Tea1Bin Variant.prefab
  artifactKey: Guid(4bfb926e35193493988cee583a17b514) Importer(815301076,1909f56bfc062723c751e8b465ee728b)
Start importing Assets/Prefabs/Teas/Tea1Bin Variant.prefab using Guid(4bfb926e35193493988cee583a17b514) Importer(815301076,1909f56bfc062723c751e8b465ee728b)  -> (artifact id: '28d7bf9ce6114b92c5b399346f2d8c13') in 0.045940 seconds 
  Import took 0.054604 seconds .

========================================================================
Received Import Request.
  Time since last request: 0.000417 seconds.
  path: Assets/Prefabs/Teas/Tea2Decal Variant.prefab
  artifactKey: Guid(baecb45feea03408ebfa843fb31241ac) Importer(815301076,1909f56bfc062723c751e8b465ee728b)
Start importing Assets/Prefabs/Teas/Tea2Decal Variant.prefab using Guid(baecb45feea03408ebfa843fb31241ac) Importer(815301076,1909f56bfc062723c751e8b465ee728b)  -> (artifact id: '3fd6fa311789faade4dc9b10a0656bae') in 0.021838 seconds 
  Import took 0.028339 seconds .

========================================================================
Received Import Request.
  Time since last request: 0.000415 seconds.
  path: Assets/Prefabs/Teas/Tea2Obj Variant.prefab
  artifactKey: Guid(46e1652fe61eb4033ab65afc5b23e27f) Importer(815301076,1909f56bfc062723c751e8b465ee728b)
Start importing Assets/Prefabs/Teas/Tea2Obj Variant.prefab using Guid(46e1652fe61eb4033ab65afc5b23e27f) Importer(815301076,1909f56bfc062723c751e8b465ee728b)  -> (artifact id: '81ae9ab57b821e4f9492837e0e778254') in 0.021218 seconds 
  Import took 0.028929 seconds .

========================================================================
Received Import Request.
  Time since last request: 21.676896 seconds.
  path: Assets/Prefabs/Toppings
  artifactKey: Guid(7b06baba2ca9f46b6b437f7ee4bba2f6) Importer(815301076,1909f56bfc062723c751e8b465ee728b)
Start importing Assets/Prefabs/Toppings using Guid(7b06baba2ca9f46b6b437f7ee4bba2f6) Importer(815301076,1909f56bfc062723c751e8b465ee728b)  -> (artifact id: '6ec9809ec63c74d853ad409ff7848c2b') in 0.002485 seconds 
  Import took 0.010689 seconds .

========================================================================
Received Import Request.
  Time since last request: 1.327668 seconds.
  path: Assets/Prefabs/Toppings/Topping.prefab
  artifactKey: Guid(e8b0209bd4ecf4a6eb2fe93783496c43) Importer(815301076,1909f56bfc062723c751e8b465ee728b)
Start importing Assets/Prefabs/Toppings/Topping.prefab using Guid(e8b0209bd4ecf4a6eb2fe93783496c43) Importer(815301076,1909f56bfc062723c751e8b465ee728b)  -> (artifact id: 'dc9581f3ce6ed2a5d056633e97ec36df') in 0.030774 seconds 
  Import took 0.037287 seconds .

========================================================================
Received Import Request.
  Time since last request: 0.000470 seconds.
  path: Assets/Prefabs/Toppings/Topping3Obj Variant.prefab
  artifactKey: Guid(6f8078bccb5bc4bff832336608679580) Importer(815301076,1909f56bfc062723c751e8b465ee728b)
Start importing Assets/Prefabs/Toppings/Topping3Obj Variant.prefab using Guid(6f8078bccb5bc4bff832336608679580) Importer(815301076,1909f56bfc062723c751e8b465ee728b)  -> (artifact id: '4b16d8ee5b18b826e3a06b78bdc62594') in 0.021287 seconds 
  Import took 0.028413 seconds .

========================================================================
Received Import Request.
  Time since last request: 0.000404 seconds.
  path: Assets/Prefabs/Toppings/Topping3Bin Variant.prefab
  artifactKey: Guid(dc7f7e997b26345da9700cd6d0f97cea) Importer(815301076,1909f56bfc062723c751e8b465ee728b)
Start importing Assets/Prefabs/Toppings/Topping3Bin Variant.prefab using Guid(dc7f7e997b26345da9700cd6d0f97cea) Importer(815301076,1909f56bfc062723c751e8b465ee728b)  -> (artifact id: '71c8df9189e267828d29e085b836607c') in 0.020627 seconds 
  Import took 0.028176 seconds .

========================================================================
Received Import Request.
  Time since last request: 0.001757 seconds.
  path: Assets/Prefabs/Toppings/Topping2Bin Variant.prefab
  artifactKey: Guid(f2681179fef084a32907ed8363c26c2b) Importer(815301076,1909f56bfc062723c751e8b465ee728b)
Start importing Assets/Prefabs/Toppings/Topping2Bin Variant.prefab using Guid(f2681179fef084a32907ed8363c26c2b) Importer(815301076,1909f56bfc062723c751e8b465ee728b)  -> (artifact id: 'ed84ce6a383f4d96a52d29f3bfddf5a7') in 0.019341 seconds 
  Import took 0.025959 seconds .

========================================================================
Received Import Request.
  Time since last request: 0.000416 seconds.
  path: Assets/Prefabs/Toppings/Topping1Plating.prefab
  artifactKey: Guid(3a1e74011b1aa477f8a77e5794b33bc8) Importer(815301076,1909f56bfc062723c751e8b465ee728b)
Start importing Assets/Prefabs/Toppings/Topping1Plating.prefab using Guid(3a1e74011b1aa477f8a77e5794b33bc8) Importer(815301076,1909f56bfc062723c751e8b465ee728b)  -> (artifact id: 'e96772034641a3bdc8c50eecedac7c6a') in 0.021921 seconds 
  Import took 0.028013 seconds .

========================================================================
Received Import Request.
  Time since last request: 0.000434 seconds.
  path: Assets/Prefabs/Toppings/Topping3Decal Variant.prefab
  artifactKey: Guid(71e1792c2279c4e70922f4465ac303d7) Importer(815301076,1909f56bfc062723c751e8b465ee728b)
Start importing Assets/Prefabs/Toppings/Topping3Decal Variant.prefab using Guid(71e1792c2279c4e70922f4465ac303d7) Importer(815301076,1909f56bfc062723c751e8b465ee728b)  -> (artifact id: 'a300f8b2d814cf65e8a9de54bfd87553') in 0.019873 seconds 
  Import took 0.026180 seconds .

========================================================================
Received Import Request.
  Time since last request: 0.000420 seconds.
  path: Assets/Prefabs/Toppings/Topping1Decal Variant.prefab
  artifactKey: Guid(986b6b755267948bca01227208a2389b) Importer(815301076,1909f56bfc062723c751e8b465ee728b)
Start importing Assets/Prefabs/Toppings/Topping1Decal Variant.prefab using Guid(986b6b755267948bca01227208a2389b) Importer(815301076,1909f56bfc062723c751e8b465ee728b)  -> (artifact id: '4d2a16e5de862a127287cf05a5e7156b') in 0.018049 seconds 
  Import took 0.024474 seconds .

========================================================================
Received Import Request.
  Time since last request: 0.000410 seconds.
  path: Assets/Prefabs/Toppings/Topping1Bin Variant.prefab
  artifactKey: Guid(ed45fb7e6ea2a4e3db60baf3f91a4bc6) Importer(815301076,1909f56bfc062723c751e8b465ee728b)
Start importing Assets/Prefabs/Toppings/Topping1Bin Variant.prefab using Guid(ed45fb7e6ea2a4e3db60baf3f91a4bc6) Importer(815301076,1909f56bfc062723c751e8b465ee728b)  -> (artifact id: '7a9bb6cb4fd0018054bf6cbeaa90d809') in 0.018903 seconds 
  Import took 0.024872 seconds .

========================================================================
Received Import Request.
  Time since last request: 0.000406 seconds.
  path: Assets/Prefabs/Toppings/Topping3Plating.prefab
  artifactKey: Guid(63c210ea22cc04b8faaafddfd25c6506) Importer(815301076,1909f56bfc062723c751e8b465ee728b)
Start importing Assets/Prefabs/Toppings/Topping3Plating.prefab using Guid(63c210ea22cc04b8faaafddfd25c6506) Importer(815301076,1909f56bfc062723c751e8b465ee728b)  -> (artifact id: '043a057516ff9c9cb8eb8804b256bf83') in 0.021511 seconds 
  Import took 0.027580 seconds .

========================================================================
Received Import Request.
  Time since last request: 0.000400 seconds.
  path: Assets/Prefabs/Toppings/Topping2Obj Variant.prefab
  artifactKey: Guid(90004eb4f31474240aac8be4ee6e9a4f) Importer(815301076,1909f56bfc062723c751e8b465ee728b)
Start importing Assets/Prefabs/Toppings/Topping2Obj Variant.prefab using Guid(90004eb4f31474240aac8be4ee6e9a4f) Importer(815301076,1909f56bfc062723c751e8b465ee728b)  -> (artifact id: 'ba3c91e4396021caf0a10c0af8a6f9ce') in 0.022831 seconds 
  Import took 0.029323 seconds .

========================================================================
Received Import Request.
  Time since last request: 0.000407 seconds.
  path: Assets/Prefabs/Toppings/Topping2Plating.prefab
  artifactKey: Guid(ea1beca839dec4441a1b12905b6667c7) Importer(815301076,1909f56bfc062723c751e8b465ee728b)
Start importing Assets/Prefabs/Toppings/Topping2Plating.prefab using Guid(ea1beca839dec4441a1b12905b6667c7) Importer(815301076,1909f56bfc062723c751e8b465ee728b)  -> (artifact id: '0fd034492a8bb1a3403e01c513312d83') in 0.024121 seconds 
  Import took 0.030128 seconds .

========================================================================
Received Import Request.
  Time since last request: 0.000440 seconds.
  path: Assets/Prefabs/Toppings/Topping1Obj Variant.prefab
  artifactKey: Guid(0b4382ff18ba04fcf9c3820b4d780e41) Importer(815301076,1909f56bfc062723c751e8b465ee728b)
Start importing Assets/Prefabs/Toppings/Topping1Obj Variant.prefab using Guid(0b4382ff18ba04fcf9c3820b4d780e41) Importer(815301076,1909f56bfc062723c751e8b465ee728b)  -> (artifact id: 'da3773fcb716a507cc8baa6f5e5dfb24') in 0.023143 seconds 
  Import took 0.031218 seconds .

========================================================================
Received Import Request.
  Time since last request: 0.000521 seconds.
  path: Assets/Prefabs/Toppings/Topping2Decal Variant.prefab
  artifactKey: Guid(ddbec6ab124144e908c395852424ef34) Importer(815301076,1909f56bfc062723c751e8b465ee728b)
Start importing Assets/Prefabs/Toppings/Topping2Decal Variant.prefab using Guid(ddbec6ab124144e908c395852424ef34) Importer(815301076,1909f56bfc062723c751e8b465ee728b)  -> (artifact id: '0b39dd6dabf3cd166c9b0c94a9f4e3bd') in 0.033429 seconds 
  Import took 0.041459 seconds .

========================================================================
Received Import Request.
  Time since last request: 0.000445 seconds.
  path: Assets/Prefabs/Toppings/Topping2Cook Variant.prefab
  artifactKey: Guid(f77002a23996f4fdaa21646cb980bb3e) Importer(815301076,1909f56bfc062723c751e8b465ee728b)
Start importing Assets/Prefabs/Toppings/Topping2Cook Variant.prefab using Guid(f77002a23996f4fdaa21646cb980bb3e) Importer(815301076,1909f56bfc062723c751e8b465ee728b)  -> (artifact id: '3b5a9d54f4bfdaec762a5de734ccbb51') in 0.026136 seconds 
  Import took 0.034272 seconds .

========================================================================
Received Import Request.
  Time since last request: 0.000628 seconds.
  path: Assets/Prefabs/Toppings/Topping1Cook Variant.prefab
  artifactKey: Guid(abd96051e073d48ada0b2ba917f91c88) Importer(815301076,1909f56bfc062723c751e8b465ee728b)
Start importing Assets/Prefabs/Toppings/Topping1Cook Variant.prefab using Guid(abd96051e073d48ada0b2ba917f91c88) Importer(815301076,1909f56bfc062723c751e8b465ee728b)  -> (artifact id: '54df463003776d8e485fb7afef255d76') in 0.027064 seconds 
  Import took 0.075180 seconds .

========================================================================
Received Import Request.
  Time since last request: 0.000478 seconds.
  path: Assets/Prefabs/Toppings/Topping3Cook Variant.prefab
  artifactKey: Guid(5672a9d4a62fa407d95f57c75f7314e4) Importer(815301076,1909f56bfc062723c751e8b465ee728b)
Start importing Assets/Prefabs/Toppings/Topping3Cook Variant.prefab using Guid(5672a9d4a62fa407d95f57c75f7314e4) Importer(815301076,1909f56bfc062723c751e8b465ee728b)  -> (artifact id: '1ec7abe56613b92d05f35e931a99f9a6') in 0.040342 seconds 
  Import took 0.047978 seconds .

========================================================================
Received Prepare
Registering precompiled user dll's ...
Registered in 0.012896 seconds.
Begin MonoManager ReloadAssembly
Native extension for WindowsStandalone target not found
Native extension for OSXStandalone target not found
Native extension for WebGL target not found
Refreshing native plugins compatible for Editor in 0.77 ms, found 3 plugins.
Preloading 0 native plugins for Editor in 0.00 ms.
Mono: successfully reloaded assembly
- Completed reload, in  2.837 seconds
Domain Reload Profiling:
	ReloadAssembly (2841ms)
		BeginReloadAssembly (332ms)
			ExecutionOrderSort (0ms)
			DisableScriptedObjects (26ms)
			BackupInstance (0ms)
			ReleaseScriptingObjects (0ms)
			CreateAndSetChildDomain (189ms)
		EndReloadAssembly (2346ms)
			LoadAssemblies (291ms)
			RebuildTransferFunctionScriptingTraits (0ms)
			SetupTypeCache (876ms)
			ReleaseScriptCaches (1ms)
			RebuildScriptCaches (121ms)
			SetupLoadedEditorAssemblies (734ms)
				LogAssemblyErrors (0ms)
				InitializePlatformSupportModulesInManaged (12ms)
				SetLoadedEditorAssemblies (1ms)
				RefreshPlugins (1ms)
				BeforeProcessingInitializeOnLoad (209ms)
				ProcessInitializeOnLoadAttributes (481ms)
				ProcessInitializeOnLoadMethodAttributes (26ms)
				AfterProcessingInitializeOnLoad (3ms)
				EditorAssembliesLoaded (0ms)
			ExecutionOrderSort2 (0ms)
			AwakeInstancesAfterBackupRestoration (22ms)
Platform modules already initialized, skipping
Switching build target platform(2) subTarget(0) extendedPlatform(0) -> platform(9) subTarget(16777218) extendedPlatform(0)
Refreshing native plugins compatible for Editor in 0.88 ms, found 3 plugins.
Preloading 0 native plugins for Editor in 0.00 ms.
Unloading 2192 Unused Serialized files (Serialized files now loaded: 0)
System memory in use before: 215.8 MB.
System memory in use after: 216.0 MB.

Unloading 17 unused Assets to reduce memory usage. Loaded Objects now: 2702.
Total: 6.629755 ms (FindLiveObjects: 0.357688 ms CreateObjectMapping: 0.304441 ms MarkObjects: 5.930971 ms  DeleteObjects: 0.034499 ms)

AssetImportParameters requested are different than current active one (requested -> active):
  custom:video-decoder-ogg-theora: a1e56fd34408186e4bbccfd4996cb3dc -> 
  custom:container-muxer-webm: aa71ff27fc2769a1b78a27578f13a17b -> 
  custom:container-demuxer-webm: 4f35f7cbe854078d1ac9338744f61a02 -> 
  custom:container-demuxer-ogg: 62fdf1f143b41e24485cea50d1cbac27 -> 
  custom:video-encoder-webm-vp8: eb34c28f22e8b96e1ab97ce403110664 -> 
  custom:framework-osx-AVFoundation: b23960f63f64bdc6ff669e2cdcee2391 -> 
  custom:video-decoder-webm-vp8: 9c59270c3fd7afecdb556c50c9e8de78 -> 
  custom:graphics/normal-map-encoding: 01000000000000000000000000000000 -> 02000000000000000000000000000000
  custom:audio-decoder-ogg-vorbis: bf7c407c2cedff20999df2af8eb42d56 -> 
  custom:audio-encoder-webm-vorbis: bf7c407c2cedff20999df2af8eb42d56 -> 
========================================================================
Received Import Request.
  Time since last request: 19.451916 seconds.
  path: Assets/Prefabs/Toppings/Topping3Plating.prefab
  artifactKey: Guid(63c210ea22cc04b8faaafddfd25c6506) Importer(815301076,1909f56bfc062723c751e8b465ee728b)
Start importing Assets/Prefabs/Toppings/Topping3Plating.prefab using Guid(63c210ea22cc04b8faaafddfd25c6506) Importer(815301076,1909f56bfc062723c751e8b465ee728b)  -> (artifact id: '54575f1329b0b84bfced5c16867f9a16') in 0.154608 seconds 
  Import took 0.161771 seconds .

========================================================================
Received Import Request.
  Time since last request: 0.110522 seconds.
  path: Assets/Prefabs/Toppings/Topping2Plating.prefab
  artifactKey: Guid(ea1beca839dec4441a1b12905b6667c7) Importer(815301076,1909f56bfc062723c751e8b465ee728b)
Start importing Assets/Prefabs/Toppings/Topping2Plating.prefab using Guid(ea1beca839dec4441a1b12905b6667c7) Importer(815301076,1909f56bfc062723c751e8b465ee728b)  -> (artifact id: 'e67e865b80c52b03b7ed45dc7abdf429') in 0.019011 seconds 
  Import took 0.025514 seconds .

